2016-06-22 0:33:14 - PHP Notice:  Error: Could not load template /home/lahahaas/public_html/catalog/view/theme/default/template/common/column_left.tpl! in /home/lahahaas/public_html/system/library/template/basic.php on line 26
2016-06-22 0:34:26 - PHP Notice:  Error: Could not load template /home/lahahaas/public_html/catalog/view/theme/default/template/common/column_left.tpl! in /home/lahahaas/public_html/system/library/template/basic.php on line 26
2016-06-22 12:54:16 - PHP Notice:  Undefined index: USD in /home/lahahaas/public_html/system/library/cart/currency.php on line 25
2016-06-22 12:54:16 - PHP Notice:  Undefined index: USD in /home/lahahaas/public_html/system/library/cart/currency.php on line 26
2016-06-22 12:54:16 - PHP Notice:  Undefined index: USD in /home/lahahaas/public_html/system/library/cart/currency.php on line 27
2016-06-22 12:54:16 - PHP Notice:  Undefined index: USD in /home/lahahaas/public_html/system/library/cart/currency.php on line 30
2016-06-22 12:54:16 - PHP Notice:  Undefined index: USD in /home/lahahaas/public_html/system/library/cart/currency.php on line 25
2016-06-22 12:54:16 - PHP Notice:  Undefined index: USD in /home/lahahaas/public_html/system/library/cart/currency.php on line 26
2016-06-22 12:54:16 - PHP Notice:  Undefined index: USD in /home/lahahaas/public_html/system/library/cart/currency.php on line 27
2016-06-22 12:54:16 - PHP Notice:  Undefined index: USD in /home/lahahaas/public_html/system/library/cart/currency.php on line 30
2016-06-22 12:54:16 - PHP Notice:  Undefined index: USD in /home/lahahaas/public_html/system/library/cart/currency.php on line 25
2016-06-22 12:54:16 - PHP Notice:  Undefined index: USD in /home/lahahaas/public_html/system/library/cart/currency.php on line 26
2016-06-22 12:54:16 - PHP Notice:  Undefined index: USD in /home/lahahaas/public_html/system/library/cart/currency.php on line 27
2016-06-22 12:54:16 - PHP Notice:  Undefined index: USD in /home/lahahaas/public_html/system/library/cart/currency.php on line 30
2016-06-22 12:54:16 - PHP Notice:  Undefined index: USD in /home/lahahaas/public_html/system/library/cart/currency.php on line 25
2016-06-22 12:54:16 - PHP Notice:  Undefined index: USD in /home/lahahaas/public_html/system/library/cart/currency.php on line 26
2016-06-22 12:54:16 - PHP Notice:  Undefined index: USD in /home/lahahaas/public_html/system/library/cart/currency.php on line 27
2016-06-22 12:54:16 - PHP Notice:  Undefined index: USD in /home/lahahaas/public_html/system/library/cart/currency.php on line 30
2016-06-22 12:54:16 - PHP Notice:  Undefined index: USD in /home/lahahaas/public_html/system/library/cart/currency.php on line 25
2016-06-22 12:54:16 - PHP Notice:  Undefined index: USD in /home/lahahaas/public_html/system/library/cart/currency.php on line 26
2016-06-22 12:54:16 - PHP Notice:  Undefined index: USD in /home/lahahaas/public_html/system/library/cart/currency.php on line 27
2016-06-22 12:54:16 - PHP Notice:  Undefined index: USD in /home/lahahaas/public_html/system/library/cart/currency.php on line 30
2016-06-22 12:54:16 - PHP Notice:  Undefined index: USD in /home/lahahaas/public_html/system/library/cart/currency.php on line 25
2016-06-22 12:54:16 - PHP Notice:  Undefined index: USD in /home/lahahaas/public_html/system/library/cart/currency.php on line 26
2016-06-22 12:54:16 - PHP Notice:  Undefined index: USD in /home/lahahaas/public_html/system/library/cart/currency.php on line 27
2016-06-22 12:54:16 - PHP Notice:  Undefined index: USD in /home/lahahaas/public_html/system/library/cart/currency.php on line 30
2016-06-22 12:54:16 - PHP Notice:  Undefined index: USD in /home/lahahaas/public_html/system/library/cart/currency.php on line 25
2016-06-22 12:54:16 - PHP Notice:  Undefined index: USD in /home/lahahaas/public_html/system/library/cart/currency.php on line 26
2016-06-22 12:54:16 - PHP Notice:  Undefined index: USD in /home/lahahaas/public_html/system/library/cart/currency.php on line 27
2016-06-22 12:54:16 - PHP Notice:  Undefined index: USD in /home/lahahaas/public_html/system/library/cart/currency.php on line 30
2016-06-22 12:54:16 - PHP Notice:  Undefined index: USD in /home/lahahaas/public_html/system/library/cart/currency.php on line 25
2016-06-22 12:54:16 - PHP Notice:  Undefined index: USD in /home/lahahaas/public_html/system/library/cart/currency.php on line 26
2016-06-22 12:54:16 - PHP Notice:  Undefined index: USD in /home/lahahaas/public_html/system/library/cart/currency.php on line 27
2016-06-22 12:54:16 - PHP Notice:  Undefined index: USD in /home/lahahaas/public_html/system/library/cart/currency.php on line 30
2016-06-22 12:54:16 - PHP Notice:  Undefined index: USD in /home/lahahaas/public_html/system/library/cart/currency.php on line 25
2016-06-22 12:54:16 - PHP Notice:  Undefined index: USD in /home/lahahaas/public_html/system/library/cart/currency.php on line 26
2016-06-22 12:54:16 - PHP Notice:  Undefined index: USD in /home/lahahaas/public_html/system/library/cart/currency.php on line 27
2016-06-22 12:54:16 - PHP Notice:  Undefined index: USD in /home/lahahaas/public_html/system/library/cart/currency.php on line 30
2016-06-22 12:54:16 - PHP Notice:  Undefined index: USD in /home/lahahaas/public_html/system/library/cart/currency.php on line 25
2016-06-22 12:54:16 - PHP Notice:  Undefined index: USD in /home/lahahaas/public_html/system/library/cart/currency.php on line 26
2016-06-22 12:54:16 - PHP Notice:  Undefined index: USD in /home/lahahaas/public_html/system/library/cart/currency.php on line 27
2016-06-22 12:54:16 - PHP Notice:  Undefined index: USD in /home/lahahaas/public_html/system/library/cart/currency.php on line 30
2016-06-22 12:54:16 - PHP Notice:  Undefined index: USD in /home/lahahaas/public_html/system/library/cart/currency.php on line 25
2016-06-22 12:54:16 - PHP Notice:  Undefined index: USD in /home/lahahaas/public_html/system/library/cart/currency.php on line 26
2016-06-22 12:54:16 - PHP Notice:  Undefined index: USD in /home/lahahaas/public_html/system/library/cart/currency.php on line 27
2016-06-22 12:54:16 - PHP Notice:  Undefined index: USD in /home/lahahaas/public_html/system/library/cart/currency.php on line 30
2016-06-22 12:54:16 - PHP Notice:  Undefined index: USD in /home/lahahaas/public_html/system/library/cart/currency.php on line 25
2016-06-22 12:54:16 - PHP Notice:  Undefined index: USD in /home/lahahaas/public_html/system/library/cart/currency.php on line 26
2016-06-22 12:54:16 - PHP Notice:  Undefined index: USD in /home/lahahaas/public_html/system/library/cart/currency.php on line 27
2016-06-22 12:54:16 - PHP Notice:  Undefined index: USD in /home/lahahaas/public_html/system/library/cart/currency.php on line 30
2016-06-22 12:54:16 - PHP Notice:  Undefined index: USD in /home/lahahaas/public_html/system/library/cart/currency.php on line 25
2016-06-22 12:54:16 - PHP Notice:  Undefined index: USD in /home/lahahaas/public_html/system/library/cart/currency.php on line 26
2016-06-22 12:54:16 - PHP Notice:  Undefined index: USD in /home/lahahaas/public_html/system/library/cart/currency.php on line 27
2016-06-22 12:54:16 - PHP Notice:  Undefined index: USD in /home/lahahaas/public_html/system/library/cart/currency.php on line 30
2016-06-22 12:59:48 - PHP Notice:  Undefined index: USD in /home/lahahaas/public_html/system/library/cart/currency.php on line 25
2016-06-22 12:59:48 - PHP Notice:  Undefined index: USD in /home/lahahaas/public_html/system/library/cart/currency.php on line 26
2016-06-22 12:59:48 - PHP Notice:  Undefined index: USD in /home/lahahaas/public_html/system/library/cart/currency.php on line 27
2016-06-22 12:59:48 - PHP Notice:  Undefined index: USD in /home/lahahaas/public_html/system/library/cart/currency.php on line 30
2016-06-22 12:59:48 - PHP Notice:  Undefined index: USD in /home/lahahaas/public_html/system/library/cart/currency.php on line 25
2016-06-22 12:59:48 - PHP Notice:  Undefined index: USD in /home/lahahaas/public_html/system/library/cart/currency.php on line 26
2016-06-22 12:59:48 - PHP Notice:  Undefined index: USD in /home/lahahaas/public_html/system/library/cart/currency.php on line 27
2016-06-22 12:59:48 - PHP Notice:  Undefined index: USD in /home/lahahaas/public_html/system/library/cart/currency.php on line 30
2016-06-22 12:59:48 - PHP Notice:  Undefined index: USD in /home/lahahaas/public_html/system/library/cart/currency.php on line 25
2016-06-22 12:59:48 - PHP Notice:  Undefined index: USD in /home/lahahaas/public_html/system/library/cart/currency.php on line 26
2016-06-22 12:59:48 - PHP Notice:  Undefined index: USD in /home/lahahaas/public_html/system/library/cart/currency.php on line 27
2016-06-22 12:59:48 - PHP Notice:  Undefined index: USD in /home/lahahaas/public_html/system/library/cart/currency.php on line 30
2016-06-22 12:59:48 - PHP Notice:  Undefined index: USD in /home/lahahaas/public_html/system/library/cart/currency.php on line 25
2016-06-22 12:59:48 - PHP Notice:  Undefined index: USD in /home/lahahaas/public_html/system/library/cart/currency.php on line 26
2016-06-22 12:59:48 - PHP Notice:  Undefined index: USD in /home/lahahaas/public_html/system/library/cart/currency.php on line 27
2016-06-22 12:59:48 - PHP Notice:  Undefined index: USD in /home/lahahaas/public_html/system/library/cart/currency.php on line 30
2016-06-22 12:59:48 - PHP Notice:  Undefined index: USD in /home/lahahaas/public_html/system/library/cart/currency.php on line 25
2016-06-22 12:59:48 - PHP Notice:  Undefined index: USD in /home/lahahaas/public_html/system/library/cart/currency.php on line 26
2016-06-22 12:59:48 - PHP Notice:  Undefined index: USD in /home/lahahaas/public_html/system/library/cart/currency.php on line 27
2016-06-22 12:59:48 - PHP Notice:  Undefined index: USD in /home/lahahaas/public_html/system/library/cart/currency.php on line 30
2016-06-22 12:59:48 - PHP Notice:  Undefined index: USD in /home/lahahaas/public_html/system/library/cart/currency.php on line 25
2016-06-22 12:59:48 - PHP Notice:  Undefined index: USD in /home/lahahaas/public_html/system/library/cart/currency.php on line 26
2016-06-22 12:59:48 - PHP Notice:  Undefined index: USD in /home/lahahaas/public_html/system/library/cart/currency.php on line 27
2016-06-22 12:59:48 - PHP Notice:  Undefined index: USD in /home/lahahaas/public_html/system/library/cart/currency.php on line 30
2016-06-22 12:59:48 - PHP Notice:  Undefined index: USD in /home/lahahaas/public_html/system/library/cart/currency.php on line 25
2016-06-22 12:59:48 - PHP Notice:  Undefined index: USD in /home/lahahaas/public_html/system/library/cart/currency.php on line 26
2016-06-22 12:59:48 - PHP Notice:  Undefined index: USD in /home/lahahaas/public_html/system/library/cart/currency.php on line 27
2016-06-22 12:59:48 - PHP Notice:  Undefined index: USD in /home/lahahaas/public_html/system/library/cart/currency.php on line 30
2016-06-22 12:59:48 - PHP Notice:  Undefined index: USD in /home/lahahaas/public_html/system/library/cart/currency.php on line 25
2016-06-22 12:59:48 - PHP Notice:  Undefined index: USD in /home/lahahaas/public_html/system/library/cart/currency.php on line 26
2016-06-22 12:59:48 - PHP Notice:  Undefined index: USD in /home/lahahaas/public_html/system/library/cart/currency.php on line 27
2016-06-22 12:59:48 - PHP Notice:  Undefined index: USD in /home/lahahaas/public_html/system/library/cart/currency.php on line 30
2016-06-22 12:59:48 - PHP Notice:  Undefined index: USD in /home/lahahaas/public_html/system/library/cart/currency.php on line 25
2016-06-22 12:59:48 - PHP Notice:  Undefined index: USD in /home/lahahaas/public_html/system/library/cart/currency.php on line 26
2016-06-22 12:59:48 - PHP Notice:  Undefined index: USD in /home/lahahaas/public_html/system/library/cart/currency.php on line 27
2016-06-22 12:59:48 - PHP Notice:  Undefined index: USD in /home/lahahaas/public_html/system/library/cart/currency.php on line 30
2016-06-22 12:59:48 - PHP Notice:  Undefined index: USD in /home/lahahaas/public_html/system/library/cart/currency.php on line 25
2016-06-22 12:59:48 - PHP Notice:  Undefined index: USD in /home/lahahaas/public_html/system/library/cart/currency.php on line 26
2016-06-22 12:59:48 - PHP Notice:  Undefined index: USD in /home/lahahaas/public_html/system/library/cart/currency.php on line 27
2016-06-22 12:59:48 - PHP Notice:  Undefined index: USD in /home/lahahaas/public_html/system/library/cart/currency.php on line 30
2016-06-22 12:59:48 - PHP Notice:  Undefined index: USD in /home/lahahaas/public_html/system/library/cart/currency.php on line 25
2016-06-22 12:59:48 - PHP Notice:  Undefined index: USD in /home/lahahaas/public_html/system/library/cart/currency.php on line 26
2016-06-22 12:59:48 - PHP Notice:  Undefined index: USD in /home/lahahaas/public_html/system/library/cart/currency.php on line 27
2016-06-22 12:59:48 - PHP Notice:  Undefined index: USD in /home/lahahaas/public_html/system/library/cart/currency.php on line 30
2016-06-22 12:59:48 - PHP Notice:  Undefined index: USD in /home/lahahaas/public_html/system/library/cart/currency.php on line 25
2016-06-22 12:59:48 - PHP Notice:  Undefined index: USD in /home/lahahaas/public_html/system/library/cart/currency.php on line 26
2016-06-22 12:59:48 - PHP Notice:  Undefined index: USD in /home/lahahaas/public_html/system/library/cart/currency.php on line 27
2016-06-22 12:59:48 - PHP Notice:  Undefined index: USD in /home/lahahaas/public_html/system/library/cart/currency.php on line 30
2016-06-22 12:59:48 - PHP Notice:  Undefined index: USD in /home/lahahaas/public_html/system/library/cart/currency.php on line 25
2016-06-22 12:59:48 - PHP Notice:  Undefined index: USD in /home/lahahaas/public_html/system/library/cart/currency.php on line 26
2016-06-22 12:59:48 - PHP Notice:  Undefined index: USD in /home/lahahaas/public_html/system/library/cart/currency.php on line 27
2016-06-22 12:59:48 - PHP Notice:  Undefined index: USD in /home/lahahaas/public_html/system/library/cart/currency.php on line 30
2016-08-02 23:45:47 - PHP Notice:  Undefined index: firstname in /Users/apple/Sites/lahaha/catalog/controller/account/register.php on line 354
2016-08-02 23:45:47 - PHP Notice:  Undefined index: lastname in /Users/apple/Sites/lahaha/catalog/controller/account/register.php on line 358
2016-08-02 23:45:47 - PHP Notice:  Undefined index: telephone in /Users/apple/Sites/lahaha/catalog/controller/account/register.php on line 370
2016-08-02 23:45:47 - PHP Notice:  Undefined index: address_1 in /Users/apple/Sites/lahaha/catalog/controller/account/register.php on line 374
2016-08-02 23:45:47 - PHP Notice:  Undefined index: city in /Users/apple/Sites/lahaha/catalog/controller/account/register.php on line 378
2016-08-02 23:45:47 - PHP Notice:  Undefined index: country_id in /Users/apple/Sites/lahaha/catalog/controller/account/register.php on line 384
2016-08-02 23:45:47 - PHP Notice:  Undefined index: country_id in /Users/apple/Sites/lahaha/catalog/controller/account/register.php on line 390
2016-08-02 23:47:40 - PHP Notice:  Undefined variable: customer_group_id in /Users/apple/Sites/lahaha/catalog/controller/account/register.php on line 408
2016-08-02 23:47:40 - PHP Notice:  Undefined index: firstname in /Users/apple/Sites/lahaha/catalog/model/account/customer.php on line 14
2016-08-02 23:47:40 - PHP Notice:  Undefined index: lastname in /Users/apple/Sites/lahaha/catalog/model/account/customer.php on line 14
2016-08-02 23:47:40 - PHP Notice:  Undefined index: telephone in /Users/apple/Sites/lahaha/catalog/model/account/customer.php on line 14
2016-08-02 23:47:40 - PHP Notice:  Undefined index: fax in /Users/apple/Sites/lahaha/catalog/model/account/customer.php on line 14
2016-08-02 23:47:40 - PHP Notice:  Undefined index: firstname in /Users/apple/Sites/lahaha/catalog/model/account/customer.php on line 18
2016-08-02 23:47:40 - PHP Notice:  Undefined index: lastname in /Users/apple/Sites/lahaha/catalog/model/account/customer.php on line 18
2016-08-02 23:47:40 - PHP Notice:  Undefined index: company in /Users/apple/Sites/lahaha/catalog/model/account/customer.php on line 18
2016-08-02 23:47:40 - PHP Notice:  Undefined index: address_1 in /Users/apple/Sites/lahaha/catalog/model/account/customer.php on line 18
2016-08-02 23:47:40 - PHP Notice:  Undefined index: address_2 in /Users/apple/Sites/lahaha/catalog/model/account/customer.php on line 18
2016-08-02 23:47:40 - PHP Notice:  Undefined index: city in /Users/apple/Sites/lahaha/catalog/model/account/customer.php on line 18
2016-08-02 23:47:40 - PHP Notice:  Undefined index: postcode in /Users/apple/Sites/lahaha/catalog/model/account/customer.php on line 18
2016-08-02 23:47:40 - PHP Notice:  Undefined index: country_id in /Users/apple/Sites/lahaha/catalog/model/account/customer.php on line 18
2016-08-02 23:47:40 - PHP Notice:  Undefined index: zone_id in /Users/apple/Sites/lahaha/catalog/model/account/customer.php on line 18
2016-08-02 23:47:40 - PHP Notice:  Undefined index: firstname in /Users/apple/Sites/lahaha/catalog/controller/account/register.php on line 35
2016-08-02 23:47:40 - PHP Notice:  Undefined index: lastname in /Users/apple/Sites/lahaha/catalog/controller/account/register.php on line 35
